#
# A fatal error has been detected by the Java Runtime Environment:
#
#  EXCEPTION_ACCESS_VIOLATION (0xc0000005) at pc=0x00007ffd38c1e44a, pid=16032, tid=0x000000000000409c
#
# JRE version: Java(TM) SE Runtime Environment (8.0_301-b09) (build 1.8.0_301-b09)
# Java VM: Java HotSpot(TM) 64-Bit Server VM (25.301-b09 mixed mode windows-amd64 compressed oops)
# Problematic frame:
# C  [awt.dll+0x8e44a]
#
# Failed to write core dump. Minidumps are not enabled by default on client versions of Windows
#
# If you would like to submit a bug report, please visit:
#   http://bugreport.java.com/bugreport/crash.jsp
# The crash happened outside the Java Virtual Machine in native code.
# See problematic frame for where to report the bug.
#

---------------  T H R E A D  ---------------

Current thread (0x0000025560049000):  JavaThread "main" [_thread_in_native, id=16540, stack(0x000000fed0c00000,0x000000fed0d00000)]

siginfo: ExceptionCode=0xc0000005, reading address 0x0000000000000058

Registers:
RAX=0x00007ffd38c98310, RBX=0x0000025560049200, RCX=0x000002557cff0520, RDX=0x0000000000000000
RSP=0x000000fed0cfeae0, RBP=0x0000000000000000, RSI=0x000002557caaa568, RDI=0x000002557caaa570
R8 =0x0000000000000042, R9 =0x00000007c0087830, R10=0x0000025560039d80, R11=0x000000fed0cfeae0
R12=0x0000000000000000, R13=0x000002557a4e8de8, R14=0x000002557cff0520, R15=0x000002557cdb3dd0
RIP=0x00007ffd38c1e44a, EFLAGS=0x0000000000010202

Top of Stack: (sp=0x000000fed0cfeae0)
0x000000fed0cfeae0:   000002557cdb3dd0 000002557cff0520
0x000000fed0cfeaf0:   000002557cdb3dd0 000002557cff0520
0x000000fed0cfeb00:   000002557caaa570 00007ffd38c232cd
0x000000fed0cfeb10:   0000025560049200 0000025560049200
0x000000fed0cfeb20:   0000000000000000 000002557caaa568
0x000000fed0cfeb30:   0000025560049000 000000fed0cfec80
0x000000fed0cfeb40:   000002557cdb3dd0 00007ffd38c5b89b
0x000000fed0cfeb50:   00007ffd38cdbf78 000000fed0cfec58
0x000000fed0cfeb60:   00007ffd38c231a0 0000000000000000
0x000000fed0cfeb70:   fffffffffffffffe fffffffffffffffe
0x000000fed0cfeb80:   000002557caaa568 00007ffd38c244a0
0x000000fed0cfeb90:   000002557caaa570 000000fed0cfec78
0x000000fed0cfeba0:   000000fed0cfec78 00007ffd38cdbf78
0x000000fed0cfebb0:   fffffffffffffffe 000002557a4e8de8
0x000000fed0cfebc0:   00000255618d837d 00000255618eac12
0x000000fed0cfebd0:   000002557a4e8de8 0000000080000021 

Instructions: (pc=0x00007ffd38c1e44a)
0x00007ffd38c1e42a:   d1 48 8b 0d be ba 0b 00 48 89 15 b7 ba 0b 00 e9
0x00007ffd38c1e43a:   16 53 04 00 cc cc 48 89 5c 24 08 57 48 83 ec 20
0x00007ffd38c1e44a:   83 7a 58 00 48 8b da 48 8b f9 7d 08 48 8b ca e8
0x00007ffd38c1e45a:   3a 8a 01 00 4c 8b 43 48 45 33 c9 48 8b 4f 48 4d 


Register to memory mapping:

RAX=0x00007ffd38c98310 is an unknown value
RBX=0x0000025560049200 is an unknown value
RCX=0x000002557cff0520 is an unknown value
RDX=0x0000000000000000 is an unknown value
RSP=0x000000fed0cfeae0 is pointing into the stack for thread: 0x0000025560049000
RBP=0x0000000000000000 is an unknown value
RSI=0x000002557caaa568 is a global jni handle
RDI=0x000002557caaa570 is a global jni handle
R8 =0x0000000000000042 is an unknown value
R9 =0x00000007c0087830 is pointing into metadata
R10=0x0000025560039d80 is an unknown value
R11=0x000000fed0cfeae0 is pointing into the stack for thread: 0x0000025560049000
R12=0x0000000000000000 is an unknown value
R13={method} {0x000002557a4e8df0} '_setFont' '(Ljava/awt/Font;)V' in 'sun/awt/windows/WComponentPeer'
R14=0x000002557cff0520 is an unknown value
R15=0x000002557cdb3dd0 is an unknown value


Stack: [0x000000fed0c00000,0x000000fed0d00000],  sp=0x000000fed0cfeae0,  free space=1018k
Native frames: (J=compiled Java code, j=interpreted, Vv=VM code, C=native code)

Java frames: (J=compiled Java code, j=interpreted, Vv=VM code)
j  sun.awt.windows.WComponentPeer._setFont(Ljava/awt/Font;)V+0
j  sun.awt.windows.WComponentPeer.setFont(Ljava/awt/Font;)V+7
j  sun.awt.windows.WWindowPeer.initialize()V+44
j  sun.awt.windows.WFramePeer.initialize()V+1
j  sun.awt.windows.WComponentPeer.<init>(Ljava/awt/Component;)V+83
j  sun.awt.windows.WCanvasPeer.<init>(Ljava/awt/Component;)V+2
j  sun.awt.windows.WPanelPeer.<init>(Ljava/awt/Component;)V+2
j  sun.awt.windows.WWindowPeer.<init>(Ljava/awt/Window;)V+2
j  sun.awt.windows.WFramePeer.<init>(Ljava/awt/Frame;)V+2
j  sun.awt.windows.WToolkit.createFrame(Ljava/awt/Frame;)Ljava/awt/peer/FramePeer;+5
j  java.awt.Frame.addNotify()V+20
j  java.awt.Window.show()V+8
j  java.awt.Component.show(Z)V+5
j  java.awt.Component.setVisible(Z)V+2
j  java.awt.Window.setVisible(Z)V+2
j  ex.Test.<init>()V+21
j  ex.Test.main([Ljava/lang/String;)V+3
v  ~StubRoutines::call_stub

---------------  P R O C E S S  ---------------

Java Threads: ( => current thread )
  0x000002557cff1000 JavaThread "AWT-EventQueue-0" [_thread_blocked, id=17784, stack(0x000000fed2300000,0x000000fed2400000)]
  0x000002557cd94800 JavaThread "AWT-Windows" daemon [_thread_in_native, id=9980, stack(0x000000fed2200000,0x000000fed2300000)]
  0x000002557cd91000 JavaThread "AWT-Shutdown" [_thread_blocked, id=1768, stack(0x000000fed2100000,0x000000fed2200000)]
  0x000002557cd8d800 JavaThread "Java2D Disposer" daemon [_thread_blocked, id=17228, stack(0x000000fed2000000,0x000000fed2100000)]
  0x000002557b6fd800 JavaThread "Service Thread" daemon [_thread_blocked, id=3576, stack(0x000000fed1e00000,0x000000fed1f00000)]
  0x000002557b6ea800 JavaThread "C1 CompilerThread3" daemon [_thread_blocked, id=16548, stack(0x000000fed1d00000,0x000000fed1e00000)]
  0x000002557b6df800 JavaThread "C2 CompilerThread2" daemon [_thread_blocked, id=540, stack(0x000000fed1c00000,0x000000fed1d00000)]
  0x000002557b6d2000 JavaThread "C2 CompilerThread1" daemon [_thread_blocked, id=18012, stack(0x000000fed1b00000,0x000000fed1c00000)]
  0x000002557b6cf800 JavaThread "C2 CompilerThread0" daemon [_thread_blocked, id=6204, stack(0x000000fed1a00000,0x000000fed1b00000)]
  0x000002557b67d800 JavaThread "Attach Listener" daemon [_thread_blocked, id=7832, stack(0x000000fed1900000,0x000000fed1a00000)]
  0x000002557b67d000 JavaThread "Signal Dispatcher" daemon [_thread_blocked, id=13644, stack(0x000000fed1800000,0x000000fed1900000)]
  0x000002557b651800 JavaThread "Finalizer" daemon [_thread_blocked, id=16648, stack(0x000000fed1700000,0x000000fed1800000)]
  0x000002557b62a800 JavaThread "Reference Handler" daemon [_thread_blocked, id=4228, stack(0x000000fed1600000,0x000000fed1700000)]
=>0x0000025560049000 JavaThread "main" [_thread_in_native, id=16540, stack(0x000000fed0c00000,0x000000fed0d00000)]

Other Threads:
  0x000002557aa4e800 VMThread [stack: 0x000000fed1500000,0x000000fed1600000] [id=4648]
  0x000002557ca4f800 WatcherThread [stack: 0x000000fed1f00000,0x000000fed2000000] [id=14620]

VM state:not at safepoint (normal execution)

VM Mutex/Monitor currently owned by a thread: None

heap address: 0x00000006c1c00000, size: 4068 MB, Compressed Oops mode: Zero based, Oop shift amount: 3
Narrow klass base: 0x0000000000000000, Narrow klass shift: 3
Compressed class space size: 1073741824 Address: 0x00000007c0000000

Heap:
 PSYoungGen      total 76288K, used 7864K [0x000000076b400000, 0x0000000770900000, 0x00000007c0000000)
  eden space 65536K, 12% used [0x000000076b400000,0x000000076bbae278,0x000000076f400000)
  from space 10752K, 0% used [0x000000076fe80000,0x000000076fe80000,0x0000000770900000)
  to   space 10752K, 0% used [0x000000076f400000,0x000000076f400000,0x000000076fe80000)
 ParOldGen       total 175104K, used 0K [0x00000006c1c00000, 0x00000006cc700000, 0x000000076b400000)
  object space 175104K, 0% used [0x00000006c1c00000,0x00000006c1c00000,0x00000006cc700000)
 Metaspace       used 7585K, capacity 7770K, committed 7936K, reserved 1056768K
  class space    used 905K, capacity 997K, committed 1024K, reserved 1048576K

Card table byte_map: [0x0000025570c90000,0x0000025571490000] byte_map_base: 0x000002556d682000

Marking Bits: (ParMarkBitMap*) 0x0000000062917fe0
 Begin Bits: [0x00000255719e0000, 0x0000025575970000)
 End Bits:   [0x0000025575970000, 0x0000025579900000)

Polling page: 0x000002555fff0000

CodeCache: size=245760Kb used=1674Kb max_used=1691Kb free=244085Kb
 bounds [0x00000255618d0000, 0x0000025561b40000, 0x00000255708d0000]
 total_blobs=689 nmethods=293 adapters=309
 compilation: enabled

Compilation events (10 events):
Event: 0.234 Thread 0x000002557b6df800  292       4       sun.misc.ASCIICaseInsensitiveComparator::toLower (16 bytes)
Event: 0.234 Thread 0x000002557b6cf800  293       4       sun.misc.ASCIICaseInsensitiveComparator::isUpper (18 bytes)
Event: 0.234 Thread 0x000002557b6ea800 nmethod 290 0x0000025561a6f290 code [0x0000025561a6f540, 0x0000025561a70f20]
Event: 0.234 Thread 0x000002557b6ea800  285       3       sun.awt.FontConfiguration::getComponentFontName (15 bytes)
Event: 0.234 Thread 0x000002557b6df800 nmethod 292 0x0000025561a67510 code [0x0000025561a67640, 0x0000025561a67698]
Event: 0.234 Thread 0x000002557b6cf800 nmethod 293 0x0000025561a75ad0 code [0x0000025561a75c00, 0x0000025561a75c58]
Event: 0.234 Thread 0x000002557b6ea800 nmethod 285 0x0000025561a77010 code [0x0000025561a77180, 0x0000025561a77370]
Event: 0.234 Thread 0x000002557b6ea800  286       3       sun.awt.FontConfiguration::getComponentFileName (15 bytes)
Event: 0.234 Thread 0x000002557b6ea800 nmethod 286 0x0000025561a76bd0 code [0x0000025561a76d40, 0x0000025561a76f30]
Event: 0.234 Thread 0x000002557b6ea800  287       3       sun.awt.FontConfiguration::mapFileName (2 bytes)

GC Heap History (0 events):
No events

Deoptimization events (1 events):
Event: 0.189 Thread 0x0000025560049000 Uncommon trap: reason=null_check action=make_not_entrant pc=0x0000025561a3cc0c method=java.lang.String.equals(Ljava/lang/Object;)Z @ 8

Classes redefined (0 events):
No events

Internal exceptions (10 events):
Event: 0.101 Thread 0x0000025560049000 Exception <a 'java/security/PrivilegedActionException'> (0x000000076b4cd448) thrown at [C:\jenkins\workspace\8-2-build-windows-amd64-cygwin\jdk8u301\1513\hotspot\src\share\vm\prims\jvm.cpp, line 1523]
Event: 0.102 Thread 0x0000025560049000 Exception <a 'java/security/PrivilegedActionException'> (0x000000076b4d10b8) thrown at [C:\jenkins\workspace\8-2-build-windows-amd64-cygwin\jdk8u301\1513\hotspot\src\share\vm\prims\jvm.cpp, line 1523]
Event: 0.102 Thread 0x0000025560049000 Exception <a 'java/security/PrivilegedActionException'> (0x000000076b4d12c8) thrown at [C:\jenkins\workspace\8-2-build-windows-amd64-cygwin\jdk8u301\1513\hotspot\src\share\vm\prims\jvm.cpp, line 1523]
Event: 0.106 Thread 0x0000025560049000 Exception <a 'java/io/FileNotFoundException'> (0x000000076b4d40d0) thrown at [C:\jenkins\workspace\8-2-build-windows-amd64-cygwin\jdk8u301\1513\hotspot\src\share\vm\prims\jni.cpp, line 710]
Event: 0.136 Thread 0x0000025560049000 Exception <a 'java/lang/NoSuchFieldError': method resolution failed> (0x000000076b6ed170) thrown at [C:\jenkins\workspace\8-2-build-windows-amd64-cygwin\jdk8u301\1513\hotspot\src\share\vm\prims\methodHandles.cpp, line 1169]
Event: 0.137 Thread 0x0000025560049000 Exception <a 'java/lang/NoSuchFieldError': method resolution failed> (0x000000076b6fa540) thrown at [C:\jenkins\workspace\8-2-build-windows-amd64-cygwin\jdk8u301\1513\hotspot\src\share\vm\prims\methodHandles.cpp, line 1169]
Event: 0.166 Thread 0x0000025560049000 Exception <a 'java/io/FileNotFoundException'> (0x000000076b794788) thrown at [C:\jenkins\workspace\8-2-build-windows-amd64-cygwin\jdk8u301\1513\hotspot\src\share\vm\prims\jni.cpp, line 710]
Event: 0.189 Thread 0x0000025560049000 Implicit null exception at 0x0000025561a3ca1c to 0x0000025561a3cbfd
Event: 0.224 Thread 0x0000025560049000 Exception <a 'java/io/FileNotFoundException'> (0x000000076b9937c0) thrown at [C:\jenkins\workspace\8-2-build-windows-amd64-cygwin\jdk8u301\1513\hotspot\src\share\vm\prims\jni.cpp, line 710]
Event: 0.224 Thread 0x0000025560049000 Exception <a 'java/lang/NullPointerException'> (0x000000076b993e68) thrown at [C:\jenkins\workspace\8-2-build-windows-amd64-cygwin\jdk8u301\1513\hotspot\src\share\vm\interpreter\linkResolver.cpp, line 1185]

Events (10 events):
Event: 0.233 loading class sun/nio/cs/SingleByte$Encoder
Event: 0.233 loading class sun/nio/cs/SingleByte$Encoder done
Event: 0.234 loading class sun/awt/windows/WingDings
Event: 0.234 loading class sun/awt/windows/WingDings done
Event: 0.234 loading class sun/awt/windows/WingDings$Encoder
Event: 0.234 loading class sun/awt/windows/WingDings$Encoder done
Event: 0.234 loading class sun/awt/Symbol
Event: 0.234 loading class sun/awt/Symbol done
Event: 0.234 loading class sun/awt/Symbol$Encoder
Event: 0.234 loading class sun/awt/Symbol$Encoder done


Dynamic libraries:
0x00007ff7c5ff0000 - 0x00007ff7c6037000 	C:\Program Files\Java\jre1.8.0_301\bin\javaw.exe
0x00007ffd8d150000 - 0x00007ffd8d348000 	C:\WINDOWS\SYSTEM32\ntdll.dll
0x00007ffd8ccf0000 - 0x00007ffd8cdad000 	C:\WINDOWS\System32\KERNEL32.DLL
0x00007ffd8abb0000 - 0x00007ffd8aea6000 	C:\WINDOWS\System32\KERNELBASE.dll
0x00007ffd88000000 - 0x00007ffd88091000 	C:\WINDOWS\SYSTEM32\apphelp.dll
0x00007ffd8cc40000 - 0x00007ffd8ccee000 	C:\WINDOWS\System32\ADVAPI32.dll
0x00007ffd8c550000 - 0x00007ffd8c5ee000 	C:\WINDOWS\System32\msvcrt.dll
0x00007ffd8cf90000 - 0x00007ffd8d02c000 	C:\WINDOWS\System32\sechost.dll
0x00007ffd8b1b0000 - 0x00007ffd8b2d6000 	C:\WINDOWS\System32\RPCRT4.dll
0x00007ffd8c930000 - 0x00007ffd8cace000 	C:\WINDOWS\System32\USER32.dll
0x00007ffd8aeb0000 - 0x00007ffd8aed2000 	C:\WINDOWS\System32\win32u.dll
0x00007ffd8cad0000 - 0x00007ffd8cafc000 	C:\WINDOWS\System32\GDI32.dll
0x00007ffd8b090000 - 0x00007ffd8b1aa000 	C:\WINDOWS\System32\gdi32full.dll
0x00007ffd8afc0000 - 0x00007ffd8b05d000 	C:\WINDOWS\System32\msvcp_win.dll
0x00007ffd8aa40000 - 0x00007ffd8ab40000 	C:\WINDOWS\System32\ucrtbase.dll
0x00007ffd75d60000 - 0x00007ffd75ffa000 	C:\WINDOWS\WinSxS\amd64_microsoft.windows.common-controls_6595b64144ccf1df_6.0.19041.1110_none_60b5254171f9507e\COMCTL32.dll
0x00007ffd8cc10000 - 0x00007ffd8cc40000 	C:\WINDOWS\System32\IMM32.DLL
0x00007ffd86320000 - 0x00007ffd86335000 	C:\Program Files\Java\jre1.8.0_301\bin\vcruntime140.dll
0x00007ffd576f0000 - 0x00007ffd5778b000 	C:\Program Files\Java\jre1.8.0_301\bin\msvcp140.dll
0x0000000062130000 - 0x0000000062990000 	C:\Program Files\Java\jre1.8.0_301\bin\server\jvm.dll
0x00007ffd8bdf0000 - 0x00007ffd8bdf8000 	C:\WINDOWS\System32\PSAPI.DLL
0x00007ffd85130000 - 0x00007ffd85139000 	C:\WINDOWS\SYSTEM32\WSOCK32.dll
0x00007ffd82660000 - 0x00007ffd8266a000 	C:\WINDOWS\SYSTEM32\VERSION.dll
0x00007ffd76100000 - 0x00007ffd76127000 	C:\WINDOWS\SYSTEM32\WINMM.dll
0x00007ffd8c6a0000 - 0x00007ffd8c70b000 	C:\WINDOWS\System32\WS2_32.dll
0x00007ffd886c0000 - 0x00007ffd886d2000 	C:\WINDOWS\SYSTEM32\kernel.appcore.dll
0x00007ffd87f20000 - 0x00007ffd87f30000 	C:\Program Files\Java\jre1.8.0_301\bin\verify.dll
0x00007ffd85200000 - 0x00007ffd8522b000 	C:\Program Files\Java\jre1.8.0_301\bin\java.dll
0x00007ffd84eb0000 - 0x00007ffd84ec8000 	C:\Program Files\Java\jre1.8.0_301\bin\zip.dll
0x00007ffd8b2e0000 - 0x00007ffd8ba25000 	C:\WINDOWS\System32\SHELL32.dll
0x00007ffd888c0000 - 0x00007ffd8905b000 	C:\WINDOWS\SYSTEM32\windows.storage.dll
0x00007ffd8ba90000 - 0x00007ffd8bde4000 	C:\WINDOWS\System32\combase.dll
0x00007ffd8a200000 - 0x00007ffd8a22e000 	C:\WINDOWS\SYSTEM32\Wldp.dll
0x00007ffd8c5f0000 - 0x00007ffd8c69d000 	C:\WINDOWS\System32\SHCORE.dll
0x00007ffd8ba30000 - 0x00007ffd8ba85000 	C:\WINDOWS\System32\shlwapi.dll
0x00007ffd8a760000 - 0x00007ffd8a785000 	C:\WINDOWS\SYSTEM32\profapi.dll
0x00007ffd38b90000 - 0x00007ffd38d25000 	C:\Program Files\Java\jre1.8.0_301\bin\awt.dll
0x00007ffd8cec0000 - 0x00007ffd8cf8d000 	C:\WINDOWS\System32\OLEAUT32.dll
0x00007ffd883d0000 - 0x00007ffd883ff000 	C:\WINDOWS\system32\DWMAPI.DLL
0x00007ffd881f0000 - 0x00007ffd8828e000 	C:\WINDOWS\system32\uxtheme.dll
0x00007ffd6be60000 - 0x00007ffd6bf85000 	C:\WINDOWS\system32\opengl32.dll
0x00007ffd81230000 - 0x00007ffd8125c000 	C:\WINDOWS\SYSTEM32\GLU32.dll
0x00007ffd8c280000 - 0x00007ffd8c394000 	C:\WINDOWS\System32\MSCTF.dll
0x00007ffd8c720000 - 0x00007ffd8c84a000 	C:\WINDOWS\System32\ole32.dll
0x00007ffd8af30000 - 0x00007ffd8afb2000 	C:\WINDOWS\System32\bcryptPrimitives.dll
0x00007ffd84d40000 - 0x00007ffd84d89000 	C:\Program Files\Java\jre1.8.0_301\bin\fontmanager.dll
0x00007ffd75a40000 - 0x00007ffd75c24000 	C:\WINDOWS\SYSTEM32\dbghelp.dll

VM Arguments:
jvm_args: -Dfile.encoding=UTF-8 
java_command: ex.Test
java_class_path (initial): C:\Users\white\OneDrive\πŸ≈¡ »≠∏È\Class\bin
Launcher Type: SUN_STANDARD

Environment Variables:
JAVA_HOME=C:\Program Files\Java\jdk-11\bin
PATH=C:\Program Files\Common Files\Oracle\Java\javapath;C:\Program Files (x86)\Common Files\Oracle\Java\javapath;C:\WINDOWS\system32;C:\WINDOWS;C:\WINDOWS\System32\Wbem;C:\WINDOWS\System32\WindowsPowerShell\v1.0\;C:\WINDOWS\System32\OpenSSH\;C:\Program Files (x86)\NVIDIA Corporation\PhysX\Common;C:\WINDOWS\system32;C:\WINDOWS;C:\WINDOWS\System32\Wbem;C:\WINDOWS\System32\WindowsPowerShell\v1.0\;C:\WINDOWS\System32\OpenSSH\;C:\Program Files\Java\jdk-11\bin;D:\Util\TortoiseSVN\bin;D:\Study\SVN_STUDY\VIsualSVN Server\bin;C:\Program Files\Docker\Docker\resources\bin;C:\Program Files\Git\cmd;C:\Program Files\dotnet\;C:\Users\white\AppData\Local\Microsoft\WindowsApps;C:\Program Files\Bandizip\;C:\Users\white\AppData\Local\atom\bin;C:\Users\white\AppData\Local\Microsoft\WindowsApps;D:\Utillll\IntelliJ IDEA 2023.2.2\bin
USERNAME=white
OS=Windows_NT
PROCESSOR_IDENTIFIER=Intel64 Family 6 Model 158 Stepping 9, GenuineIntel



---------------  S Y S T E M  ---------------

OS: Windows 10.0 , 64 bit Build 19041 (10.0.19041.3393)

CPU:total 8 (initial active 8) (4 cores per cpu, 2 threads per core) family 6 model 158 stepping 9, cmov, cx8, fxsr, mmx, sse, sse2, sse3, ssse3, sse4.1, sse4.2, popcnt, avx, avx2, aes, clmul, erms, 3dnowpref, lzcnt, ht, tsc, tscinvbit, bmi1, bmi2, adx

Memory: 4k page, physical 16659276k(9001708k free), swap 19149644k(8552184k free)

vm_info: Java HotSpot(TM) 64-Bit Server VM (25.301-b09) for windows-amd64 JRE (1.8.0_301-b09), built on Jun  9 2021 06:46:21 by "java_re" with MS VC++ 15.9 (VS2017)

time: Wed Dec 13 12:12:58 2023
timezone: µµƒÏ «•¡ÿΩ√
elapsed time: 0.244906 seconds (0d 0h 0m 0s)

