#
# A fatal error has been detected by the Java Runtime Environment:
#
#  EXCEPTION_ACCESS_VIOLATION (0xc0000005) at pc=0x00007ffd3e7de44a, pid=16348, tid=0x0000000000001e40
#
# JRE version: Java(TM) SE Runtime Environment (8.0_301-b09) (build 1.8.0_301-b09)
# Java VM: Java HotSpot(TM) 64-Bit Server VM (25.301-b09 mixed mode windows-amd64 compressed oops)
# Problematic frame:
# C  [awt.dll+0x8e44a]
#
# Failed to write core dump. Minidumps are not enabled by default on client versions of Windows
#
# If you would like to submit a bug report, please visit:
#   http://bugreport.java.com/bugreport/crash.jsp
# The crash happened outside the Java Virtual Machine in native code.
# See problematic frame for where to report the bug.
#

---------------  T H R E A D  ---------------

Current thread (0x000001fc4c868000):  JavaThread "main" [_thread_in_native, id=7744, stack(0x0000006fb9500000,0x0000006fb9600000)]

siginfo: ExceptionCode=0xc0000005, reading address 0x0000000000000058

Registers:
RAX=0x00007ffd3e858310, RBX=0x000001fc4c868200, RCX=0x000001fc69721bb0, RDX=0x0000000000000000
RSP=0x0000006fb95feba0, RBP=0x0000000000000000, RSI=0x000001fc6945ddf8, RDI=0x000001fc6945de00
R8 =0x0000000000000042, R9 =0x00000007c0087830, R10=0x000001fc4c85b490, R11=0x0000006fb95feba0
R12=0x0000000000000000, R13=0x000001fc66e98b70, R14=0x000001fc69721bb0, R15=0x000001fc6a212f00
RIP=0x00007ffd3e7de44a, EFLAGS=0x0000000000010206

Top of Stack: (sp=0x0000006fb95feba0)
0x0000006fb95feba0:   000001fc6a212f00 000001fc69721bb0
0x0000006fb95febb0:   000001fc6a212f00 000001fc69721bb0
0x0000006fb95febc0:   000001fc6945de00 00007ffd3e7e32cd
0x0000006fb95febd0:   000001fc4c868200 000001fc4c868200
0x0000006fb95febe0:   0000000000000000 000001fc6945ddf8
0x0000006fb95febf0:   000001fc4c868000 0000006fb95fed40
0x0000006fb95fec00:   000001fc6a212f00 00007ffd3e81b89b
0x0000006fb95fec10:   00007ffd3e89bf78 0000006fb95fed18
0x0000006fb95fec20:   00007ffd3e7e31a0 0000000000000000
0x0000006fb95fec30:   fffffffffffffffe fffffffffffffffe
0x0000006fb95fec40:   000001fc6945ddf8 00007ffd3e7e44a0
0x0000006fb95fec50:   000001fc6945de00 0000006fb95fed38
0x0000006fb95fec60:   0000006fb95fed38 00007ffd3e89bf78
0x0000006fb95fec70:   fffffffffffffffe 000001fc66e98b70
0x0000006fb95fec80:   000001fc4e28837d 000001fc4e29ac12
0x0000006fb95fec90:   000001fc66e98b70 0000000080000021 

Instructions: (pc=0x00007ffd3e7de44a)
0x00007ffd3e7de42a:   d1 48 8b 0d be ba 0b 00 48 89 15 b7 ba 0b 00 e9
0x00007ffd3e7de43a:   16 53 04 00 cc cc 48 89 5c 24 08 57 48 83 ec 20
0x00007ffd3e7de44a:   83 7a 58 00 48 8b da 48 8b f9 7d 08 48 8b ca e8
0x00007ffd3e7de45a:   3a 8a 01 00 4c 8b 43 48 45 33 c9 48 8b 4f 48 4d 


Register to memory mapping:

RAX=0x00007ffd3e858310 is an unknown value
RBX=0x000001fc4c868200 is an unknown value
RCX=0x000001fc69721bb0 is an unknown value
RDX=0x0000000000000000 is an unknown value
RSP=0x0000006fb95feba0 is pointing into the stack for thread: 0x000001fc4c868000
RBP=0x0000000000000000 is an unknown value
RSI=0x000001fc6945ddf8 is a global jni handle
RDI=0x000001fc6945de00 is a global jni handle
R8 =0x0000000000000042 is an unknown value
R9 =0x00000007c0087830 is pointing into metadata
R10=0x000001fc4c85b490 is an unknown value
R11=0x0000006fb95feba0 is pointing into the stack for thread: 0x000001fc4c868000
R12=0x0000000000000000 is an unknown value
R13={method} {0x000001fc66e98b78} '_setFont' '(Ljava/awt/Font;)V' in 'sun/awt/windows/WComponentPeer'
R14=0x000001fc69721bb0 is an unknown value
R15=0x000001fc6a212f00 is an unknown value


Stack: [0x0000006fb9500000,0x0000006fb9600000],  sp=0x0000006fb95feba0,  free space=1018k
Native frames: (J=compiled Java code, j=interpreted, Vv=VM code, C=native code)

Java frames: (J=compiled Java code, j=interpreted, Vv=VM code)
j  sun.awt.windows.WComponentPeer._setFont(Ljava/awt/Font;)V+0
j  sun.awt.windows.WComponentPeer.setFont(Ljava/awt/Font;)V+7
j  sun.awt.windows.WWindowPeer.initialize()V+44
j  sun.awt.windows.WFramePeer.initialize()V+1
j  sun.awt.windows.WComponentPeer.<init>(Ljava/awt/Component;)V+83
j  sun.awt.windows.WCanvasPeer.<init>(Ljava/awt/Component;)V+2
j  sun.awt.windows.WPanelPeer.<init>(Ljava/awt/Component;)V+2
j  sun.awt.windows.WWindowPeer.<init>(Ljava/awt/Window;)V+2
j  sun.awt.windows.WFramePeer.<init>(Ljava/awt/Frame;)V+2
j  sun.awt.windows.WToolkit.createFrame(Ljava/awt/Frame;)Ljava/awt/peer/FramePeer;+5
j  java.awt.Frame.addNotify()V+20
j  java.awt.Window.show()V+8
j  java.awt.Component.show(Z)V+5
j  java.awt.Component.setVisible(Z)V+2
j  java.awt.Window.setVisible(Z)V+2
j  ex.Test.<init>()V+21
j  ex.Test.main([Ljava/lang/String;)V+3
v  ~StubRoutines::call_stub

---------------  P R O C E S S  ---------------

Java Threads: ( => current thread )
  0x000001fc69722000 JavaThread "AWT-EventQueue-0" [_thread_blocked, id=1808, stack(0x0000006fbac00000,0x0000006fbad00000)]
  0x000001fc696f4000 JavaThread "AWT-Windows" daemon [_thread_in_native, id=16548, stack(0x0000006fbab00000,0x0000006fbac00000)]
  0x000001fc696ee000 JavaThread "AWT-Shutdown" [_thread_blocked, id=14692, stack(0x0000006fbaa00000,0x0000006fbab00000)]
  0x000001fc696ea800 JavaThread "Java2D Disposer" daemon [_thread_blocked, id=7692, stack(0x0000006fba900000,0x0000006fbaa00000)]
  0x000001fc680ae000 JavaThread "Service Thread" daemon [_thread_blocked, id=16956, stack(0x0000006fba700000,0x0000006fba800000)]
  0x000001fc680a3000 JavaThread "C1 CompilerThread3" daemon [_thread_blocked, id=2784, stack(0x0000006fba600000,0x0000006fba700000)]
  0x000001fc68095000 JavaThread "C2 CompilerThread2" daemon [_thread_blocked, id=2724, stack(0x0000006fba500000,0x0000006fba600000)]
  0x000001fc68081800 JavaThread "C2 CompilerThread1" daemon [_thread_blocked, id=13552, stack(0x0000006fba400000,0x0000006fba500000)]
  0x000001fc6807f800 JavaThread "C2 CompilerThread0" daemon [_thread_blocked, id=12536, stack(0x0000006fba300000,0x0000006fba400000)]
  0x000001fc6807d000 JavaThread "Attach Listener" daemon [_thread_blocked, id=144, stack(0x0000006fba200000,0x0000006fba300000)]
  0x000001fc6807a000 JavaThread "Signal Dispatcher" daemon [_thread_blocked, id=12104, stack(0x0000006fba100000,0x0000006fba200000)]
  0x000001fc68001000 JavaThread "Finalizer" daemon [_thread_blocked, id=13508, stack(0x0000006fba000000,0x0000006fba100000)]
  0x000001fc67fda000 JavaThread "Reference Handler" daemon [_thread_blocked, id=4560, stack(0x0000006fb9f00000,0x0000006fba000000)]
=>0x000001fc4c868000 JavaThread "main" [_thread_in_native, id=7744, stack(0x0000006fb9500000,0x0000006fb9600000)]

Other Threads:
  0x000001fc67fd2800 VMThread [stack: 0x0000006fb9e00000,0x0000006fb9f00000] [id=15284]
  0x000001fc69406000 WatcherThread [stack: 0x0000006fba800000,0x0000006fba900000] [id=1976]

VM state:not at safepoint (normal execution)

VM Mutex/Monitor currently owned by a thread: None

heap address: 0x00000006c1c00000, size: 4068 MB, Compressed Oops mode: Zero based, Oop shift amount: 3
Narrow klass base: 0x0000000000000000, Narrow klass shift: 3
Compressed class space size: 1073741824 Address: 0x00000007c0000000

Heap:
 PSYoungGen      total 76288K, used 7864K [0x000000076b400000, 0x0000000770900000, 0x00000007c0000000)
  eden space 65536K, 12% used [0x000000076b400000,0x000000076bbae2a0,0x000000076f400000)
  from space 10752K, 0% used [0x000000076fe80000,0x000000076fe80000,0x0000000770900000)
  to   space 10752K, 0% used [0x000000076f400000,0x000000076f400000,0x000000076fe80000)
 ParOldGen       total 175104K, used 0K [0x00000006c1c00000, 0x00000006cc700000, 0x000000076b400000)
  object space 175104K, 0% used [0x00000006c1c00000,0x00000006c1c00000,0x00000006cc700000)
 Metaspace       used 7576K, capacity 7766K, committed 7936K, reserved 1056768K
  class space    used 905K, capacity 997K, committed 1024K, reserved 1048576K

Card table byte_map: [0x000001fc5d640000,0x000001fc5de40000] byte_map_base: 0x000001fc5a032000

Marking Bits: (ParMarkBitMap*) 0x0000000062917fe0
 Begin Bits: [0x000001fc5e390000, 0x000001fc62320000)
 End Bits:   [0x000001fc62320000, 0x000001fc662b0000)

Polling page: 0x000001fc4caa0000

CodeCache: size=245760Kb used=1683Kb max_used=1705Kb free=244076Kb
 bounds [0x000001fc4e280000, 0x000001fc4e4f0000, 0x000001fc5d280000]
 total_blobs=694 nmethods=298 adapters=309
 compilation: enabled

Compilation events (10 events):
Event: 0.269 Thread 0x000001fc680a3000  294       3       java.util.concurrent.ConcurrentHashMap::casTabAt (20 bytes)
Event: 0.269 Thread 0x000001fc680a3000 nmethod 294 0x000001fc4e424490 code [0x000001fc4e4245e0, 0x000001fc4e424778]
Event: 0.269 Thread 0x000001fc680a3000  295       3       java.util.HashSet::contains (9 bytes)
Event: 0.269 Thread 0x000001fc680a3000 nmethod 295 0x000001fc4e424810 code [0x000001fc4e424980, 0x000001fc4e424bb0]
Event: 0.269 Thread 0x000001fc680a3000  296       3       java.lang.String::startsWith (7 bytes)
Event: 0.269 Thread 0x000001fc680a3000 nmethod 296 0x000001fc4e424c90 code [0x000001fc4e424e00, 0x000001fc4e425010]
Event: 0.270 Thread 0x000001fc68081800  297       4       sun.misc.ASCIICaseInsensitiveComparator::toLower (16 bytes)
Event: 0.270 Thread 0x000001fc68095000  298       4       sun.misc.ASCIICaseInsensitiveComparator::isUpper (18 bytes)
Event: 0.270 Thread 0x000001fc68081800 nmethod 297 0x000001fc4e41b5d0 code [0x000001fc4e41b700, 0x000001fc4e41b758]
Event: 0.270 Thread 0x000001fc68095000 nmethod 298 0x000001fc4e426390 code [0x000001fc4e4264c0, 0x000001fc4e426518]

GC Heap History (0 events):
No events

Deoptimization events (1 events):
Event: 0.220 Thread 0x000001fc4c868000 Uncommon trap: reason=null_check action=make_not_entrant pc=0x000001fc4e3f36cc method=java.lang.String.equals(Ljava/lang/Object;)Z @ 8

Classes redefined (0 events):
No events

Internal exceptions (10 events):
Event: 0.115 Thread 0x000001fc4c868000 Exception <a 'java/security/PrivilegedActionException'> (0x000000076b4cd448) thrown at [C:\jenkins\workspace\8-2-build-windows-amd64-cygwin\jdk8u301\1513\hotspot\src\share\vm\prims\jvm.cpp, line 1523]
Event: 0.116 Thread 0x000001fc4c868000 Exception <a 'java/security/PrivilegedActionException'> (0x000000076b4d10b8) thrown at [C:\jenkins\workspace\8-2-build-windows-amd64-cygwin\jdk8u301\1513\hotspot\src\share\vm\prims\jvm.cpp, line 1523]
Event: 0.116 Thread 0x000001fc4c868000 Exception <a 'java/security/PrivilegedActionException'> (0x000000076b4d12c8) thrown at [C:\jenkins\workspace\8-2-build-windows-amd64-cygwin\jdk8u301\1513\hotspot\src\share\vm\prims\jvm.cpp, line 1523]
Event: 0.120 Thread 0x000001fc4c868000 Exception <a 'java/io/FileNotFoundException'> (0x000000076b4d40d0) thrown at [C:\jenkins\workspace\8-2-build-windows-amd64-cygwin\jdk8u301\1513\hotspot\src\share\vm\prims\jni.cpp, line 710]
Event: 0.159 Thread 0x000001fc4c868000 Exception <a 'java/lang/NoSuchFieldError': method resolution failed> (0x000000076b6ed170) thrown at [C:\jenkins\workspace\8-2-build-windows-amd64-cygwin\jdk8u301\1513\hotspot\src\share\vm\prims\methodHandles.cpp, line 1169]
Event: 0.161 Thread 0x000001fc4c868000 Exception <a 'java/lang/NoSuchFieldError': method resolution failed> (0x000000076b6fa818) thrown at [C:\jenkins\workspace\8-2-build-windows-amd64-cygwin\jdk8u301\1513\hotspot\src\share\vm\prims\methodHandles.cpp, line 1169]
Event: 0.195 Thread 0x000001fc4c868000 Exception <a 'java/io/FileNotFoundException'> (0x000000076b7949d0) thrown at [C:\jenkins\workspace\8-2-build-windows-amd64-cygwin\jdk8u301\1513\hotspot\src\share\vm\prims\jni.cpp, line 710]
Event: 0.219 Thread 0x000001fc4c868000 Implicit null exception at 0x000001fc4e3f34dc to 0x000001fc4e3f36bd
Event: 0.259 Thread 0x000001fc4c868000 Exception <a 'java/io/FileNotFoundException'> (0x000000076b993a10) thrown at [C:\jenkins\workspace\8-2-build-windows-amd64-cygwin\jdk8u301\1513\hotspot\src\share\vm\prims\jni.cpp, line 710]
Event: 0.259 Thread 0x000001fc4c868000 Exception <a 'java/lang/NullPointerException'> (0x000000076b9940b8) thrown at [C:\jenkins\workspace\8-2-build-windows-amd64-cygwin\jdk8u301\1513\hotspot\src\share\vm\interpreter\linkResolver.cpp, line 1185]

Events (10 events):
Event: 0.269 loading class sun/nio/cs/SingleByte$Encoder
Event: 0.269 loading class sun/nio/cs/SingleByte$Encoder done
Event: 0.270 loading class sun/awt/windows/WingDings
Event: 0.270 loading class sun/awt/windows/WingDings done
Event: 0.270 loading class sun/awt/windows/WingDings$Encoder
Event: 0.270 loading class sun/awt/windows/WingDings$Encoder done
Event: 0.270 loading class sun/awt/Symbol
Event: 0.270 loading class sun/awt/Symbol done
Event: 0.270 loading class sun/awt/Symbol$Encoder
Event: 0.270 loading class sun/awt/Symbol$Encoder done


Dynamic libraries:
0x00007ff7c5ff0000 - 0x00007ff7c6037000 	C:\Program Files\Java\jre1.8.0_301\bin\javaw.exe
0x00007ffd8d150000 - 0x00007ffd8d348000 	C:\WINDOWS\SYSTEM32\ntdll.dll
0x00007ffd8ccf0000 - 0x00007ffd8cdad000 	C:\WINDOWS\System32\KERNEL32.DLL
0x00007ffd8abb0000 - 0x00007ffd8aea6000 	C:\WINDOWS\System32\KERNELBASE.dll
0x00007ffd88000000 - 0x00007ffd88091000 	C:\WINDOWS\SYSTEM32\apphelp.dll
0x00007ffd8cc40000 - 0x00007ffd8ccee000 	C:\WINDOWS\System32\ADVAPI32.dll
0x00007ffd8c550000 - 0x00007ffd8c5ee000 	C:\WINDOWS\System32\msvcrt.dll
0x00007ffd8cf90000 - 0x00007ffd8d02c000 	C:\WINDOWS\System32\sechost.dll
0x00007ffd8b1b0000 - 0x00007ffd8b2d6000 	C:\WINDOWS\System32\RPCRT4.dll
0x00007ffd8c930000 - 0x00007ffd8cace000 	C:\WINDOWS\System32\USER32.dll
0x00007ffd8aeb0000 - 0x00007ffd8aed2000 	C:\WINDOWS\System32\win32u.dll
0x00007ffd8cad0000 - 0x00007ffd8cafc000 	C:\WINDOWS\System32\GDI32.dll
0x00007ffd8b090000 - 0x00007ffd8b1aa000 	C:\WINDOWS\System32\gdi32full.dll
0x00007ffd8afc0000 - 0x00007ffd8b05d000 	C:\WINDOWS\System32\msvcp_win.dll
0x00007ffd8aa40000 - 0x00007ffd8ab40000 	C:\WINDOWS\System32\ucrtbase.dll
0x00007ffd75d60000 - 0x00007ffd75ffa000 	C:\WINDOWS\WinSxS\amd64_microsoft.windows.common-controls_6595b64144ccf1df_6.0.19041.1110_none_60b5254171f9507e\COMCTL32.dll
0x00007ffd8cc10000 - 0x00007ffd8cc40000 	C:\WINDOWS\System32\IMM32.DLL
0x00007ffd7e760000 - 0x00007ffd7e775000 	C:\Program Files\Java\jre1.8.0_301\bin\vcruntime140.dll
0x00007ffd576f0000 - 0x00007ffd5778b000 	C:\Program Files\Java\jre1.8.0_301\bin\msvcp140.dll
0x0000000062130000 - 0x0000000062990000 	C:\Program Files\Java\jre1.8.0_301\bin\server\jvm.dll
0x00007ffd8bdf0000 - 0x00007ffd8bdf8000 	C:\WINDOWS\System32\PSAPI.DLL
0x00007ffd76100000 - 0x00007ffd76127000 	C:\WINDOWS\SYSTEM32\WINMM.dll
0x00007ffd85130000 - 0x00007ffd85139000 	C:\WINDOWS\SYSTEM32\WSOCK32.dll
0x00007ffd82660000 - 0x00007ffd8266a000 	C:\WINDOWS\SYSTEM32\VERSION.dll
0x00007ffd8c6a0000 - 0x00007ffd8c70b000 	C:\WINDOWS\System32\WS2_32.dll
0x00007ffd886c0000 - 0x00007ffd886d2000 	C:\WINDOWS\SYSTEM32\kernel.appcore.dll
0x00007ffd84cb0000 - 0x00007ffd84cc0000 	C:\Program Files\Java\jre1.8.0_301\bin\verify.dll
0x00007ffd64bb0000 - 0x00007ffd64bdb000 	C:\Program Files\Java\jre1.8.0_301\bin\java.dll
0x00007ffd6bde0000 - 0x00007ffd6bdf8000 	C:\Program Files\Java\jre1.8.0_301\bin\zip.dll
0x00007ffd8b2e0000 - 0x00007ffd8ba25000 	C:\WINDOWS\System32\SHELL32.dll
0x00007ffd888c0000 - 0x00007ffd8905b000 	C:\WINDOWS\SYSTEM32\windows.storage.dll
0x00007ffd8ba90000 - 0x00007ffd8bde4000 	C:\WINDOWS\System32\combase.dll
0x00007ffd8a200000 - 0x00007ffd8a22e000 	C:\WINDOWS\SYSTEM32\Wldp.dll
0x00007ffd8c5f0000 - 0x00007ffd8c69d000 	C:\WINDOWS\System32\SHCORE.dll
0x00007ffd8ba30000 - 0x00007ffd8ba85000 	C:\WINDOWS\System32\shlwapi.dll
0x00007ffd8a760000 - 0x00007ffd8a785000 	C:\WINDOWS\SYSTEM32\profapi.dll
0x00007ffd3e750000 - 0x00007ffd3e8e5000 	C:\Program Files\Java\jre1.8.0_301\bin\awt.dll
0x00007ffd8cec0000 - 0x00007ffd8cf8d000 	C:\WINDOWS\System32\OLEAUT32.dll
0x00007ffd883d0000 - 0x00007ffd883ff000 	C:\WINDOWS\system32\DWMAPI.DLL
0x00007ffd881f0000 - 0x00007ffd8828e000 	C:\WINDOWS\system32\uxtheme.dll
0x00007ffd6be60000 - 0x00007ffd6bf85000 	C:\WINDOWS\system32\opengl32.dll
0x00007ffd81230000 - 0x00007ffd8125c000 	C:\WINDOWS\SYSTEM32\GLU32.dll
0x00007ffd8c280000 - 0x00007ffd8c394000 	C:\WINDOWS\System32\MSCTF.dll
0x00007ffd8c720000 - 0x00007ffd8c84a000 	C:\WINDOWS\System32\ole32.dll
0x00007ffd8af30000 - 0x00007ffd8afb2000 	C:\WINDOWS\System32\bcryptPrimitives.dll
0x00007ffd62fe0000 - 0x00007ffd63029000 	C:\Program Files\Java\jre1.8.0_301\bin\fontmanager.dll
0x00007ffd75a40000 - 0x00007ffd75c24000 	C:\WINDOWS\SYSTEM32\dbghelp.dll

VM Arguments:
jvm_args: -Dfile.encoding=UTF-8 
java_command: ex.Test
java_class_path (initial): C:\Users\white\OneDrive\πŸ≈¡ »≠∏È\Class\bin
Launcher Type: SUN_STANDARD

Environment Variables:
JAVA_HOME=C:\Program Files\Java\jdk-11\bin
PATH=C:\Program Files\Common Files\Oracle\Java\javapath;C:\Program Files (x86)\Common Files\Oracle\Java\javapath;C:\WINDOWS\system32;C:\WINDOWS;C:\WINDOWS\System32\Wbem;C:\WINDOWS\System32\WindowsPowerShell\v1.0\;C:\WINDOWS\System32\OpenSSH\;C:\Program Files (x86)\NVIDIA Corporation\PhysX\Common;C:\WINDOWS\system32;C:\WINDOWS;C:\WINDOWS\System32\Wbem;C:\WINDOWS\System32\WindowsPowerShell\v1.0\;C:\WINDOWS\System32\OpenSSH\;C:\Program Files\Java\jdk-11\bin;D:\Util\TortoiseSVN\bin;D:\Study\SVN_STUDY\VIsualSVN Server\bin;C:\Program Files\Docker\Docker\resources\bin;C:\Program Files\Git\cmd;C:\Program Files\dotnet\;C:\Users\white\AppData\Local\Microsoft\WindowsApps;C:\Program Files\Bandizip\;C:\Users\white\AppData\Local\atom\bin;C:\Users\white\AppData\Local\Microsoft\WindowsApps;D:\Utillll\IntelliJ IDEA 2023.2.2\bin
USERNAME=white
OS=Windows_NT
PROCESSOR_IDENTIFIER=Intel64 Family 6 Model 158 Stepping 9, GenuineIntel



---------------  S Y S T E M  ---------------

OS: Windows 10.0 , 64 bit Build 19041 (10.0.19041.3393)

CPU:total 8 (initial active 8) (4 cores per cpu, 2 threads per core) family 6 model 158 stepping 9, cmov, cx8, fxsr, mmx, sse, sse2, sse3, ssse3, sse4.1, sse4.2, popcnt, avx, avx2, aes, clmul, erms, 3dnowpref, lzcnt, ht, tsc, tscinvbit, bmi1, bmi2, adx

Memory: 4k page, physical 16659276k(8384612k free), swap 19149644k(8587136k free)

vm_info: Java HotSpot(TM) 64-Bit Server VM (25.301-b09) for windows-amd64 JRE (1.8.0_301-b09), built on Jun  9 2021 06:46:21 by "java_re" with MS VC++ 15.9 (VS2017)

time: Wed Dec 13 12:02:08 2023
timezone: µµƒÏ «•¡ÿΩ√
elapsed time: 0.281232 seconds (0d 0h 0m 0s)

